0 info it worked if it ends with ok
1 verbose cli [ '/usr/local/Cellar/node/7.2.0/bin/node',
1 verbose cli   '/usr/local/bin/npm',
1 verbose cli   'run',
1 verbose cli   'test:acceptance' ]
2 info using npm@3.10.9
3 info using node@v7.2.0
4 verbose run-script [ 'pretest:acceptance',
4 verbose run-script   'test:acceptance',
4 verbose run-script   'posttest:acceptance' ]
5 info lifecycle dom-problem1@0.0.0~pretest:acceptance: dom-problem1@0.0.0
6 silly lifecycle dom-problem1@0.0.0~pretest:acceptance: no script for pretest:acceptance, continuing
7 info lifecycle dom-problem1@0.0.0~test:acceptance: dom-problem1@0.0.0
8 verbose lifecycle dom-problem1@0.0.0~test:acceptance: unsafe-perm in lifecycle true
9 verbose lifecycle dom-problem1@0.0.0~test:acceptance: PATH: /usr/local/lib/node_modules/npm/bin/node-gyp-bin:/Users/localadmin/workspace/DOM_Problem1/node_modules/.bin:/usr/local/Cellar/node/7.2.0/bin:/usr/local/bin:/usr/bin:/bin:/usr/sbin:/sbin:/Users/localadmin/bin:/Users/localadmin/bin
10 verbose lifecycle dom-problem1@0.0.0~test:acceptance: CWD: /Users/localadmin/workspace/DOM_Problem1
11 silly lifecycle dom-problem1@0.0.0~test:acceptance: Args: [ '-c', 'NODE_ENV=test protractor test/acceptance/config.js' ]
12 silly lifecycle dom-problem1@0.0.0~test:acceptance: Returned: code: 1  signal: null
13 info lifecycle dom-problem1@0.0.0~test:acceptance: Failed to exec test:acceptance script
14 verbose stack Error: dom-problem1@0.0.0 test:acceptance: `NODE_ENV=test protractor test/acceptance/config.js`
14 verbose stack Exit status 1
14 verbose stack     at EventEmitter.<anonymous> (/usr/local/lib/node_modules/npm/lib/utils/lifecycle.js:255:16)
14 verbose stack     at emitTwo (events.js:106:13)
14 verbose stack     at EventEmitter.emit (events.js:191:7)
14 verbose stack     at ChildProcess.<anonymous> (/usr/local/lib/node_modules/npm/lib/utils/spawn.js:40:14)
14 verbose stack     at emitTwo (events.js:106:13)
14 verbose stack     at ChildProcess.emit (events.js:191:7)
14 verbose stack     at maybeClose (internal/child_process.js:885:16)
14 verbose stack     at Process.ChildProcess._handle.onexit (internal/child_process.js:226:5)
15 verbose pkgid dom-problem1@0.0.0
16 verbose cwd /Users/localadmin/workspace/DOM_Problem1
17 error Darwin 15.6.0
18 error argv "/usr/local/Cellar/node/7.2.0/bin/node" "/usr/local/bin/npm" "run" "test:acceptance"
19 error node v7.2.0
20 error npm  v3.10.9
21 error code ELIFECYCLE
22 error dom-problem1@0.0.0 test:acceptance: `NODE_ENV=test protractor test/acceptance/config.js`
22 error Exit status 1
23 error Failed at the dom-problem1@0.0.0 test:acceptance script 'NODE_ENV=test protractor test/acceptance/config.js'.
23 error Make sure you have the latest version of node.js and npm installed.
23 error If you do, this is most likely a problem with the dom-problem1 package,
23 error not with npm itself.
23 error Tell the author that this fails on your system:
23 error     NODE_ENV=test protractor test/acceptance/config.js
23 error You can get information on how to open an issue for this project with:
23 error     npm bugs dom-problem1
23 error Or if that isn't available, you can get their info via:
23 error     npm owner ls dom-problem1
23 error There is likely additional logging output above.
24 verbose exit [ 1, true ]
